<?xml version="1.0" encoding="UTF-8"?>
<testng-results ignored="0" total="1" passed="1" failed="0" skipped="0">
  <reporter-output>
  </reporter-output>
  <suite started-at="2022-08-16T16:26:37 IST" name="Default suite" finished-at="2022-08-16T16:26:42 IST" duration-ms="4953">
    <groups>
    </groups>
    <test started-at="2022-08-16T16:26:37 IST" name="Default test" finished-at="2022-08-16T16:26:42 IST" duration-ms="4953">
      <class name="Demopractice.DemoTest">
        <test-method signature="demotest()[pri:0, instance:Demopractice.DemoTest@27ff5d15]" started-at="2022-08-16T16:26:38 IST" name="demotest" finished-at="2022-08-16T16:26:42 IST" duration-ms="4859" status="PASS">
          <reporter-output>
          </reporter-output>
        </test-method> <!-- demotest -->
      </class> <!-- Demopractice.DemoTest -->
    </test> <!-- Default test -->
  </suite> <!-- Default suite -->
</testng-results>
