<?xml version="1.0" encoding="UTF-8"?>
<testng-results ignored="0" total="1" passed="1" failed="0" skipped="0">
  <reporter-output>
  </reporter-output>
  <suite started-at="2022-08-16T16:48:17 IST" name="Default suite" finished-at="2022-08-16T16:48:22 IST" duration-ms="4942">
    <groups>
    </groups>
    <test started-at="2022-08-16T16:48:17 IST" name="Default test" finished-at="2022-08-16T16:48:22 IST" duration-ms="4942">
      <class name="Demopractice.DemoTest">
        <test-method signature="demotest()[pri:0, instance:Demopractice.DemoTest@1613674b]" started-at="2022-08-16T16:48:17 IST" name="demotest" finished-at="2022-08-16T16:48:22 IST" duration-ms="4880" status="PASS">
          <reporter-output>
          </reporter-output>
        </test-method> <!-- demotest -->
      </class> <!-- Demopractice.DemoTest -->
    </test> <!-- Default test -->
  </suite> <!-- Default suite -->
</testng-results>
